-5.9 0.0138349
-5.78081 0.0228083
-5.66162 0.029224
-5.54242 0.0352163
-5.42323 0.0403904
-5.30404 0.045155
-5.18485 0.0499741
-5.06566 0.0546368
-4.94646 0.0590862
-4.82727 0.0634922
-4.70808 0.0679516
-4.58889 0.0725268
-4.4697 0.0770987
-4.35051 0.0816457
-4.23131 0.0863448
-4.11212 0.091164
-3.99293 0.0961407
-3.87374 0.101287
-3.75455 0.106538
-3.63535 0.112054
-3.51616 0.117773
-3.39697 0.123738
-3.27778 0.130223
-3.15859 0.136866
-3.03939 0.144037
-2.9202 0.151683
-2.80101 0.160024
-2.68182 0.169159
-2.56263 0.179347
-2.44343 0.190844
-2.32424 0.203797
-2.20505 0.22059
-2.08586 0.24355
-1.96667 0.294853
-1.84747 0.292101
-1.72828 0.29094
-1.60909 0.289828
-1.4899 0.289178
-1.37071 0.288613
-1.25152 0.288339
-1.13232 0.287773
-1.01313 0.287349
-0.893939 0.287228
-0.774747 0.286992
-0.655556 0.28667
-0.536364 0.2865
-0.417172 0.286348
-0.29798 0.286346
-0.178788 0.286191
-0.059596 0.286197
0.059596 0.286197
0.178788 0.286191
0.29798 0.286346
0.417172 0.286348
0.536364 0.2865
0.655556 0.28667
0.774747 0.286992
0.893939 0.287228
1.01313 0.287349
1.13232 0.287773
1.25152 0.288339
1.37071 0.288613
1.4899 0.289178
1.60909 0.289828
1.72828 0.29094
1.84747 0.292101
1.96667 0.294853
2.08586 0.24355
2.20505 0.22059
2.32424 0.203797
2.44343 0.190844
2.56263 0.179347
2.68182 0.169159
2.80101 0.160024
2.9202 0.151683
3.03939 0.144037
3.15859 0.136866
3.27778 0.130223
3.39697 0.123738
3.51616 0.117773
3.63535 0.112054
3.75455 0.106538
3.87374 0.101287
3.99293 0.0961407
4.11212 0.091164
4.23131 0.0863448
4.35051 0.0816457
4.4697 0.0770987
4.58889 0.0725268
4.70808 0.0679516
4.82727 0.0634922
4.94646 0.0590862
5.06566 0.0546368
5.18485 0.0499741
5.30404 0.045155
5.42323 0.0403904
5.54242 0.0352163
5.66162 0.029224
5.78081 0.0228083
5.9 0.0138349
